<?xml version="1.0" encoding="utf-8"?>
<?AutomationStudio Version=3.0?>
<Transfer xmlns="http://br-automation.co.at/AS/Transfer">
  <OperatingSystem Version="B4.92"/>
  <Hardware Target="SG4"/>
  <Operation Delete="ComTotal_P.br"/>
  <Operation Delete="SortConv.br"/>
  <Operation Delete="AutoCtrl.br"/>
  <Operation Delete="LineGates.br"/>
  <Operation Delete="ClrDetect.br"/>
  <Operation Delete="LogoCOnv.br"/>
  <Operation Delete="PickupArm.br"/>
  <Operation Delete="CapPush.br"/>
  <Operation Delete="AlarmsX.br"/>
  <Operation Delete="ArEventLog.br"/>
  <Operation Delete="MpServer.br"/>
  <Operation Delete="MpAxis.br"/>
  <Operation Delete="mvLoader.br"/>
  <Operation Delete="AsTCP.br"/>
  <Operation Delete="MpAlarmX.br"/>
  <Operation Delete="MpCom.br"/>
  <Operation Delete="arssl.br"/>
  <Operation Delete="MpUserX.br"/>
  <Operation Delete="Acp10sim.br"/>
  <Operation Delete="Acp10_MC.br"/>
  <Operation Delete="MpBase.br"/>
  <Operation Delete="arflatprv.br"/>
  <Operation Delete="arcoal.br"/>
  <Operation Delete="asieccon.br"/>
  <Operation Delete="arcert.br"/>
  <Operation Delete="aseth.br"/>
  <Operation Delete="aruser.br"/>
  <Operation Delete="dataobj.br"/>
  <Operation Delete="ashw.br"/>
  <Operation Delete="sys_lib.br"/>
  <Operation Delete="brsystem.br"/>
  <Operation Delete="Acp10man.br"/>
  <Operation Delete="fileio.br"/>
  <Operation Delete="astime.br"/>
  <Operation Download="ashwd.br" Memory="SystemROM"/>
  <Operation Download="asfw.br" Memory="SystemROM"/>
  <Operation Download="arconfig.br" Memory="SystemROM"/>
  <Operation Download="sysconf.br" Memory="SystemROM"/>
  <Operation Restart="warm"/>
  <Operation Download="acp10cfg.br" Memory="UserROM"/>
  <Operation Download="Acp10map.br" Memory="UserROM"/>
  <Operation Download="NcGlobal.br" Memory="UserROM"/>
  <Operation Download="powerlnk.br" Memory="UserROM"/>
  <Operation Download="Acp10par.br" Memory="UserROM"/>
  <Operation Download="runtime.br" Memory="UserROM"/>
  <Operation Download="astime.br" Memory="UserROM"/>
  <Operation Download="fileio.br" Memory="UserROM"/>
  <Operation Download="Acp10man.br" Memory="UserROM"/>
  <Operation Download="brsystem.br" Memory="UserROM"/>
  <Operation Download="sys_lib.br" Memory="UserROM"/>
  <Operation Download="ashw.br" Memory="UserROM"/>
  <Operation Download="dataobj.br" Memory="UserROM"/>
  <Operation Download="aruser.br" Memory="UserROM"/>
  <Operation Download="aseth.br" Memory="UserROM"/>
  <Operation Download="arcert.br" Memory="UserROM"/>
  <Operation Download="asieccon.br" Memory="UserROM"/>
  <Operation Download="arsvcreg.br" Memory="UserROM"/>
  <Operation Download="arcoal.br" Memory="UserROM"/>
  <Operation Download="arflatprv.br" Memory="UserROM"/>
  <Operation Download="MpBase.br" Memory="UserROM"/>
  <Operation Download="Acp10_MC.br" Memory="UserROM"/>
  <Operation Download="Acp10sim.br" Memory="UserROM"/>
  <Operation Download="MpUserX.br" Memory="UserROM"/>
  <Operation Download="Acp10sys.br" Memory="UserROM"/>
  <Operation Download="acp10etxen.br" Memory="UserROM"/>
  <Operation Download="gAxis01a.br" Memory="UserROM"/>
  <Operation Download="gAxis01i.br" Memory="UserROM"/>
  <Operation Download="gAxis02a.br" Memory="UserROM"/>
  <Operation Download="gAxis02i.br" Memory="UserROM"/>
  <Operation Restart="warm"/>
  <Operation Download="arssl.br" Memory="UserROM"/>
  <Operation Download="MpCom.br" Memory="UserROM"/>
  <Operation Download="AsBrStr.br" Memory="UserROM"/>
  <Operation Download="MpAlarmX.br" Memory="UserROM"/>
  <Operation Download="standard.br" Memory="UserROM"/>
  <Operation Download="AsTCP.br" Memory="UserROM"/>
  <Operation Download="udbdef.br" Memory="UserROM"/>
  <Operation Download="mvLoader.br" Memory="UserROM"/>
  <Operation Download="TCData.br" Memory="SystemROM"/>
  <Operation Download="TCLang.br" Memory="UserROM"/>
  <Operation Download="FWRules.br" Memory="UserROM"/>
  <Operation Download="iomap.br" Memory="UserROM"/>
  <Operation Download="Axis01.br" Memory="UserROM"/>
  <Operation Download="UserMgt.br" Memory="UserROM"/>
  <Operation Download="Alarms.br" Memory="UserROM"/>
  <Operation Download="Role.br" Memory="UserROM"/>
  <Operation Download="ashwac.br" Memory="UserROM"/>
  <Operation Download="TC.br" Memory="UserROM"/>
  <Operation Download="User.br" Memory="UserROM"/>
  <Operation Download="MpAxis.br" Memory="UserROM"/>
  <Operation Download="MpServer.br" Memory="UserROM"/>
  <Operation Download="operator.br" Memory="UserROM"/>
  <Operation Download="ArEventLog.br" Memory="UserROM"/>
  <Operation Download="AlarmsX.br" Memory="UserROM"/>
  <Operation Download="CapPush.br" Memory="UserROM"/>
  <Operation Download="PickupArm.br" Memory="UserROM"/>
  <Operation Download="LogoCOnv.br" Memory="UserROM"/>
  <Operation Download="ClrDetect.br" Memory="UserROM"/>
  <Operation Download="LineGates.br" Memory="UserROM"/>
  <Operation Download="AutoCtrl.br" Memory="UserROM"/>
  <Operation Download="SortConv.br" Memory="UserROM"/>
  <Operation Download="ComTotal_P.br" Memory="UserROM"/>
</Transfer>