C:\Users\maskeu\Desktop\All\projects\ECamp\CapProcess\Temp\Includes\AS_TempDecl\Config2\GlobalComponents\MpComponents.var
C:\Users\maskeu\Desktop\All\projects\ECamp\CapProcess\Logical\Global.typ
C:\Users\maskeu\Desktop\All\projects\ECamp\CapProcess\Logical\Global.var
C:\Users\maskeu\Desktop\All\projects\ECamp\CapProcess\Logical\Libraries\ComTotal\MNG_Package.typ
C:\Users\maskeu\Desktop\All\projects\ECamp\CapProcess\Logical\Libraries\ComTotal\MNG_Package.var
C:\Users\maskeu\Desktop\All\projects\ECamp\CapProcess\Logical\Libraries\operator\operator.fun
C:\Users\maskeu\Desktop\All\projects\ECamp\CapProcess\Logical\Libraries\operator\operator.typ
C:\Users\maskeu\Desktop\All\projects\ECamp\CapProcess\Logical\Libraries\operator\operator.var
C:\Users\maskeu\Desktop\All\projects\ECamp\CapProcess\Logical\Libraries\runtime\runtime.fun
C:\Users\maskeu\Desktop\All\projects\ECamp\CapProcess\Logical\Libraries\runtime\runtime.typ
C:\Users\maskeu\Desktop\All\projects\ECamp\CapProcess\Logical\Libraries\runtime\runtime.var
C:\Users\maskeu\Desktop\All\projects\ECamp\CapProcess\Logical\Libraries\astime\astime.fun
C:\Users\maskeu\Desktop\All\projects\ECamp\CapProcess\Logical\Libraries\astime\astime.typ
C:\Users\maskeu\Desktop\All\projects\ECamp\CapProcess\Logical\Libraries\astime\astime.var
C:\Users\maskeu\Desktop\All\projects\ECamp\CapProcess\Logical\Libraries\AsIecCon\AsIecCon.fun
C:\Users\maskeu\Desktop\All\projects\ECamp\CapProcess\Logical\Libraries\AsIecCon\AsIecCon.typ
C:\Users\maskeu\Desktop\All\projects\ECamp\CapProcess\Logical\Libraries\AsIecCon\AsIecCon.var
C:\Users\maskeu\Desktop\All\projects\ECamp\CapProcess\Logical\Libraries\Acp10man\Acp10man.typ
C:\Users\maskeu\Desktop\All\projects\ECamp\CapProcess\Logical\Libraries\Acp10par\Acp10par.var
C:\Users\maskeu\Desktop\All\projects\ECamp\CapProcess\Logical\Libraries\NcGlobal\NcGlobal.fun
C:\Users\maskeu\Desktop\All\projects\ECamp\CapProcess\Logical\Libraries\NcGlobal\NcGlobal.typ
C:\Users\maskeu\Desktop\All\projects\ECamp\CapProcess\Logical\Libraries\NcGlobal\NcGlobal.var
C:\Users\maskeu\Desktop\All\projects\ECamp\CapProcess\Logical\Libraries\Acp10sim\acp10sim.var
C:\Users\maskeu\Desktop\All\projects\ECamp\CapProcess\Logical\Libraries\Acp10sim\acp10sim.typ
C:\Users\maskeu\Desktop\All\projects\ECamp\CapProcess\Logical\Libraries\Acp10_MC\acp10_mc.fun
C:\Users\maskeu\Desktop\All\projects\ECamp\CapProcess\Logical\Libraries\Acp10_MC\acp10_mc.typ
C:\Users\maskeu\Desktop\All\projects\ECamp\CapProcess\Logical\Libraries\Acp10_MC\acp10_mc.var
C:\Users\maskeu\Desktop\All\projects\ECamp\CapProcess\Logical\Libraries\sys_lib\sys_lib.fun
C:\Users\maskeu\Desktop\All\projects\ECamp\CapProcess\Logical\Libraries\sys_lib\sys_lib.typ
C:\Users\maskeu\Desktop\All\projects\ECamp\CapProcess\Logical\Libraries\sys_lib\sys_lib.var
C:\Users\maskeu\Desktop\All\projects\ECamp\CapProcess\Logical\Libraries\brsystem\brsystem.fun
C:\Users\maskeu\Desktop\All\projects\ECamp\CapProcess\Logical\Libraries\brsystem\brsystem.typ
C:\Users\maskeu\Desktop\All\projects\ECamp\CapProcess\Logical\Libraries\brsystem\brsystem.var
C:\Users\maskeu\Desktop\All\projects\ECamp\CapProcess\Logical\Libraries\MpAlarmX\MpAlarmX.typ
C:\Users\maskeu\Desktop\All\projects\ECamp\CapProcess\Logical\Libraries\MpAlarmX\MpAlarmXError.typ
C:\Users\maskeu\Desktop\All\projects\ECamp\CapProcess\Logical\Libraries\MpAlarmX\MpAlarmX.fun
C:\Users\maskeu\Desktop\All\projects\ECamp\CapProcess\Logical\Libraries\MpBase\MpBase.var
C:\Users\maskeu\Desktop\All\projects\ECamp\CapProcess\Logical\Libraries\MpBase\MpBase.typ
C:\Users\maskeu\Desktop\All\projects\ECamp\CapProcess\Logical\Libraries\MpBase\MpBase.fun
C:\Users\maskeu\Desktop\All\projects\ECamp\CapProcess\Logical\Libraries\MpAxis\MpAxis.typ
C:\Users\maskeu\Desktop\All\projects\ECamp\CapProcess\Logical\Libraries\MpAxis\MpAxisError.typ
C:\Users\maskeu\Desktop\All\projects\ECamp\CapProcess\Logical\Libraries\MpAxis\MpAxisAlarm.typ
C:\Users\maskeu\Desktop\All\projects\ECamp\CapProcess\Logical\Libraries\MpAxis\MpAxis.fun
C:\Users\maskeu\Desktop\All\projects\ECamp\CapProcess\Logical\Libraries\MpCom\MpCom.var
C:\Users\maskeu\Desktop\All\projects\ECamp\CapProcess\Logical\Libraries\MpCom\MpCom.typ
C:\Users\maskeu\Desktop\All\projects\ECamp\CapProcess\Logical\Libraries\MpCom\MpComError.typ
C:\Users\maskeu\Desktop\All\projects\ECamp\CapProcess\Logical\Libraries\MpCom\MpCom.fun
C:\Users\maskeu\Desktop\All\projects\ECamp\CapProcess\Logical\Libraries\MpServer\Constants.var
C:\Users\maskeu\Desktop\All\projects\ECamp\CapProcess\Logical\Libraries\MpServer\Types.typ
C:\Users\maskeu\Desktop\All\projects\ECamp\CapProcess\Logical\Libraries\MpServer\MpServer.fun
C:\Users\maskeu\Desktop\All\projects\ECamp\CapProcess\Logical\Libraries\MpUserX\MpUserX.typ
C:\Users\maskeu\Desktop\All\projects\ECamp\CapProcess\Logical\Libraries\MpUserX\MpUserXError.typ
C:\Users\maskeu\Desktop\All\projects\ECamp\CapProcess\Logical\Libraries\MpUserX\MpUserXAlarm.typ
C:\Users\maskeu\Desktop\All\projects\ECamp\CapProcess\Logical\Libraries\MpUserX\MpUserX.fun
C:\Users\maskeu\Desktop\All\projects\ECamp\CapProcess\Logical\Libraries\AsTCP\AsTCP.fun
C:\Users\maskeu\Desktop\All\projects\ECamp\CapProcess\Logical\Libraries\AsTCP\AsTCP.typ
C:\Users\maskeu\Desktop\All\projects\ECamp\CapProcess\Logical\Libraries\AsTCP\AsTCP.var
C:\Users\maskeu\Desktop\All\projects\ECamp\CapProcess\Logical\Libraries\standard\standard.fun
C:\Users\maskeu\Desktop\All\projects\ECamp\CapProcess\Logical\Libraries\standard\standard.typ
C:\Users\maskeu\Desktop\All\projects\ECamp\CapProcess\Logical\Libraries\standard\standard.var
C:\Users\maskeu\Desktop\All\projects\ECamp\CapProcess\Logical\Libraries\ArEventLog\ArEventLog.fun
C:\Users\maskeu\Desktop\All\projects\ECamp\CapProcess\Logical\Libraries\ArEventLog\ArEventLog.typ
C:\Users\maskeu\Desktop\All\projects\ECamp\CapProcess\Logical\Libraries\ArEventLog\ArEventLog.var
C:\Users\maskeu\Desktop\All\projects\ECamp\CapProcess\Logical\Libraries\AsBrStr\AsBrStr.fun
C:\Users\maskeu\Desktop\All\projects\ECamp\CapProcess\Logical\Libraries\AsBrStr\AsBrStr.typ
C:\Users\maskeu\Desktop\All\projects\ECamp\CapProcess\Logical\Libraries\AsBrStr\AsBrStr.var
C:\Users\maskeu\Desktop\All\projects\ECamp\CapProcess\Logical\MNG_Global.typ
C:\Users\maskeu\Desktop\All\projects\ECamp\CapProcess\Logical\CapPushPkg\CapPushtyp.typ
C:\Users\maskeu\Desktop\All\projects\ECamp\CapProcess\Logical\PickupArmPkg\Pickuptyp.typ
C:\Users\maskeu\Desktop\All\projects\ECamp\CapProcess\Logical\LaneGatesPkg\Types.typ
C:\Users\maskeu\Desktop\All\projects\ECamp\CapProcess\Logical\LogoConvPkg\LogoTyp.typ
C:\Users\maskeu\Desktop\All\projects\ECamp\CapProcess\Logical\SortConvPkg\SortTyp.typ
C:\Users\maskeu\Desktop\All\projects\ECamp\CapProcess\Logical\ClrDetectPkg\ClrDetTyp.typ
