<?xml version="1.0" encoding="utf-8"?>
<?AutomationStudio Version="4.12.4.107 SP"?>
<Objects>
  <Object
    Path="C:\Users\maskeu\Desktop\All\projects\ECamp\CapProcess\Logical\Package.pkg"
    LogicalPath=""
    Type="Package.ParentUnknown"
    LastWriteTime="133465295087192624" />
  <Object
    Path="C:\Users\maskeu\Desktop\All\projects\ECamp\CapProcess\Temp\Includes\AS_TempDecl\Config2\GlobalComponents\MpComponents.var"
    LogicalPath="MpComponents.var"
    Type="File"
    LastWriteTime="133465046603561295"
    Private="false" />
  <Object
    Path="C:\Users\maskeu\Desktop\All\projects\ECamp\CapProcess\Logical\Global.typ"
    LogicalPath="Global.typ"
    Type="File"
    LastWriteTime="133460968780516032"
    Private="false" />
  <Object
    Path="C:\Users\maskeu\Desktop\All\projects\ECamp\CapProcess\Logical\Global.var"
    LogicalPath="Global.var"
    Type="File"
    LastWriteTime="133460977057699923"
    Private="false" />
  <Object
    Path="C:\Users\maskeu\Desktop\All\projects\ECamp\CapProcess\Logical\Libraries\Package.pkg"
    LogicalPath="Libraries"
    Type="Package"
    LastWriteTime="133465042959888931" />
  <Object
    Path="C:\Users\maskeu\Desktop\All\projects\ECamp\CapProcess\Logical\Libraries\ComTotal\Package.pkg"
    LogicalPath="Libraries.ComTotal"
    Type="Package"
    LastWriteTime="133465042959878916" />
  <Object
    Path="C:\Users\maskeu\Desktop\All\projects\ECamp\CapProcess\Logical\Libraries\ComTotal\ComTotal_L\ANSIC.lby"
    LogicalPath="Libraries.ComTotal.ComTotal_L"
    Type="Library"
    LastWriteTime="133465042959678906" />
  <Object
    Path="C:\Users\maskeu\Desktop\All\projects\ECamp\CapProcess\Logical\Libraries\ComTotal\ComTotal_L\MNG_InternalTyp.hpp"
    LogicalPath="Libraries.ComTotal.ComTotal_L.MNG_InternalTyp.hpp"
    Type="File"
    LastWriteTime="133465042959548904"
    Private="false" />
  <Object
    Path="C:\Users\maskeu\Desktop\All\projects\ECamp\CapProcess\Logical\Libraries\ComTotal\ComTotal_L\MNG_ComHdlr.hpp"
    LogicalPath="Libraries.ComTotal.ComTotal_L.MNG_ComHdlr.hpp"
    Type="File"
    LastWriteTime="133465042959588956"
    Private="false" />
  <Object
    Path="C:\Users\maskeu\Desktop\All\projects\ECamp\CapProcess\Logical\Libraries\ComTotal\ComTotal_L\MNG_ComHdlr.cpp"
    LogicalPath="Libraries.ComTotal.ComTotal_L.MNG_ComHdlr.cpp"
    Type="File"
    LastWriteTime="133465042959608902"
    Private="false" />
  <Object
    Path="C:\Users\maskeu\Desktop\All\projects\ECamp\CapProcess\Logical\Libraries\ComTotal\ComTotal_L\MNG_Global.hpp"
    LogicalPath="Libraries.ComTotal.ComTotal_L.MNG_Global.hpp"
    Type="File"
    LastWriteTime="133465042959628916"
    Private="false" />
  <Object
    Path="C:\Users\maskeu\Desktop\All\projects\ECamp\CapProcess\Logical\Libraries\ComTotal\ComTotal_L\MNG_CpyOutToMsg.cpp"
    LogicalPath="Libraries.ComTotal.ComTotal_L.MNG_CpyOutToMsg.cpp"
    Type="File"
    LastWriteTime="133465042959648911"
    Private="false" />
  <Object
    Path="C:\Users\maskeu\Desktop\All\projects\ECamp\CapProcess\Logical\Libraries\ComTotal\ComTotal_L\MNG_CpyMsgToInp.cpp"
    LogicalPath="Libraries.ComTotal.ComTotal_L.MNG_CpyMsgToInp.cpp"
    Type="File"
    LastWriteTime="133465042959668909"
    Private="false" />
  <Object
    Path="C:\Users\maskeu\Desktop\All\projects\ECamp\CapProcess\Logical\Libraries\ComTotal\ComTotal_P\ANSIC.prg"
    LogicalPath="Libraries.ComTotal.ComTotal_P"
    Type="Program"
    LastWriteTime="133465042959828915" />
  <Object
    Path="C:\Users\maskeu\Desktop\All\projects\ECamp\CapProcess\Logical\Libraries\ComTotal\ComTotal_P\Main.cpp"
    LogicalPath="Libraries.ComTotal.ComTotal_P.Main.cpp"
    Type="File"
    LastWriteTime="133465042959778921"
    Private="false" />
  <Object
    Path="C:\Users\maskeu\Desktop\All\projects\ECamp\CapProcess\Logical\Libraries\ComTotal\ComTotal_P\Types.typ"
    LogicalPath="Libraries.ComTotal.ComTotal_P.Types.typ"
    Type="File"
    LastWriteTime="133465042959798921"
    Private="true" />
  <Object
    Path="C:\Users\maskeu\Desktop\All\projects\ECamp\CapProcess\Logical\Libraries\ComTotal\ComTotal_P\Variables.var"
    LogicalPath="Libraries.ComTotal.ComTotal_P.Variables.var"
    Type="File"
    LastWriteTime="133465042959818912"
    Private="true" />
  <Object
    Path="C:\Users\maskeu\Desktop\All\projects\ECamp\CapProcess\Logical\Libraries\ComTotal\MNG_Package.typ"
    LogicalPath="Libraries.ComTotal.MNG_Package.typ"
    Type="File"
    LastWriteTime="133465042959848917"
    Private="false" />
  <Object
    Path="C:\Users\maskeu\Desktop\All\projects\ECamp\CapProcess\Logical\Libraries\ComTotal\MNG_Package.var"
    LogicalPath="Libraries.ComTotal.MNG_Package.var"
    Type="File"
    LastWriteTime="133465042959868931"
    Private="false" />
  <Object
    Path="C:\Users\maskeu\Desktop\All\projects\ECamp\CapProcess\Logical\Libraries\operator\binary.lby"
    LogicalPath="Libraries.operator"
    Type="Library"
    LastWriteTime="133460968801112829" />
  <Object
    Path="C:\Users\maskeu\Desktop\All\projects\ECamp\CapProcess\Logical\Libraries\operator\operator.fun"
    LogicalPath="Libraries.operator.operator.fun"
    Type="File"
    LastWriteTime="133460968800956758"
    Private="false" />
  <Object
    Path="C:\Users\maskeu\Desktop\All\projects\ECamp\CapProcess\Logical\Libraries\operator\operator.typ"
    LogicalPath="Libraries.operator.operator.typ"
    Type="File"
    LastWriteTime="133460968800956758"
    Private="false" />
  <Object
    Path="C:\Users\maskeu\Desktop\All\projects\ECamp\CapProcess\Logical\Libraries\operator\operator.var"
    LogicalPath="Libraries.operator.operator.var"
    Type="File"
    LastWriteTime="133460968800956758"
    Private="false" />
  <Object
    Path="C:\Users\maskeu\Desktop\All\projects\ECamp\CapProcess\Logical\Libraries\runtime\binary.lby"
    LogicalPath="Libraries.runtime"
    Type="Library"
    LastWriteTime="133460968804120797" />
  <Object
    Path="C:\Users\maskeu\Desktop\All\projects\ECamp\CapProcess\Logical\Libraries\runtime\runtime.fun"
    LogicalPath="Libraries.runtime.runtime.fun"
    Type="File"
    LastWriteTime="133460968804120797"
    Private="false" />
  <Object
    Path="C:\Users\maskeu\Desktop\All\projects\ECamp\CapProcess\Logical\Libraries\runtime\runtime.typ"
    LogicalPath="Libraries.runtime.runtime.typ"
    Type="File"
    LastWriteTime="133460968804120797"
    Private="false" />
  <Object
    Path="C:\Users\maskeu\Desktop\All\projects\ECamp\CapProcess\Logical\Libraries\runtime\runtime.var"
    LogicalPath="Libraries.runtime.runtime.var"
    Type="File"
    LastWriteTime="133460968804120797"
    Private="false" />
  <Object
    Path="C:\Users\maskeu\Desktop\All\projects\ECamp\CapProcess\Logical\Libraries\astime\binary.lby"
    LogicalPath="Libraries.astime"
    Type="Library"
    LastWriteTime="133460968807266647" />
  <Object
    Path="C:\Users\maskeu\Desktop\All\projects\ECamp\CapProcess\Logical\Libraries\astime\astime.fun"
    LogicalPath="Libraries.astime.astime.fun"
    Type="File"
    LastWriteTime="133460968807266647"
    Private="false" />
  <Object
    Path="C:\Users\maskeu\Desktop\All\projects\ECamp\CapProcess\Logical\Libraries\astime\astime.typ"
    LogicalPath="Libraries.astime.astime.typ"
    Type="File"
    LastWriteTime="133460968807266647"
    Private="false" />
  <Object
    Path="C:\Users\maskeu\Desktop\All\projects\ECamp\CapProcess\Logical\Libraries\astime\astime.var"
    LogicalPath="Libraries.astime.astime.var"
    Type="File"
    LastWriteTime="133460968807266647"
    Private="false" />
  <Object
    Path="C:\Users\maskeu\Desktop\All\projects\ECamp\CapProcess\Logical\Libraries\AsIecCon\binary.lby"
    LogicalPath="Libraries.AsIecCon"
    Type="Library"
    LastWriteTime="133460968810590697" />
  <Object
    Path="C:\Users\maskeu\Desktop\All\projects\ECamp\CapProcess\Logical\Libraries\AsIecCon\AsIecCon.fun"
    LogicalPath="Libraries.AsIecCon.AsIecCon.fun"
    Type="File"
    LastWriteTime="133460968810590697"
    Private="false" />
  <Object
    Path="C:\Users\maskeu\Desktop\All\projects\ECamp\CapProcess\Logical\Libraries\AsIecCon\AsIecCon.typ"
    LogicalPath="Libraries.AsIecCon.AsIecCon.typ"
    Type="File"
    LastWriteTime="133460968810590697"
    Private="false" />
  <Object
    Path="C:\Users\maskeu\Desktop\All\projects\ECamp\CapProcess\Logical\Libraries\AsIecCon\AsIecCon.var"
    LogicalPath="Libraries.AsIecCon.AsIecCon.var"
    Type="File"
    LastWriteTime="133460968810590697"
    Private="false" />
  <Object
    Path="C:\Users\maskeu\Desktop\All\projects\ECamp\CapProcess\Logical\Libraries\Acp10man\Binary.lby"
    LogicalPath="Libraries.Acp10man"
    Type="Library"
    LastWriteTime="133460976943608477" />
  <Object
    Path="C:\Users\maskeu\Desktop\All\projects\ECamp\CapProcess\Logical\Libraries\Acp10man\Acp10man.typ"
    LogicalPath="Libraries.Acp10man.Acp10man.typ"
    Type="File"
    LastWriteTime="133460976943608477"
    Private="false" />
  <Object
    Path="C:\Users\maskeu\Desktop\All\projects\ECamp\CapProcess\Logical\Libraries\Acp10par\Binary.lby"
    LogicalPath="Libraries.Acp10par"
    Type="Library"
    LastWriteTime="133460976944389791" />
  <Object
    Path="C:\Users\maskeu\Desktop\All\projects\ECamp\CapProcess\Logical\Libraries\Acp10par\Acp10par.var"
    LogicalPath="Libraries.Acp10par.Acp10par.var"
    Type="File"
    LastWriteTime="133460976944389791"
    Private="false" />
  <Object
    Path="C:\Users\maskeu\Desktop\All\projects\ECamp\CapProcess\Logical\Libraries\NcGlobal\Binary.lby"
    LogicalPath="Libraries.NcGlobal"
    Type="Library"
    LastWriteTime="133460976945056619" />
  <Object
    Path="C:\Users\maskeu\Desktop\All\projects\ECamp\CapProcess\Logical\Libraries\NcGlobal\NcGlobal.fun"
    LogicalPath="Libraries.NcGlobal.NcGlobal.fun"
    Type="File"
    LastWriteTime="133460976944900666"
    Private="false" />
  <Object
    Path="C:\Users\maskeu\Desktop\All\projects\ECamp\CapProcess\Logical\Libraries\NcGlobal\NcGlobal.typ"
    LogicalPath="Libraries.NcGlobal.NcGlobal.typ"
    Type="File"
    LastWriteTime="133460976944900666"
    Private="false" />
  <Object
    Path="C:\Users\maskeu\Desktop\All\projects\ECamp\CapProcess\Logical\Libraries\NcGlobal\NcGlobal.var"
    LogicalPath="Libraries.NcGlobal.NcGlobal.var"
    Type="File"
    LastWriteTime="133460976945056619"
    Private="false" />
  <Object
    Path="C:\Users\maskeu\Desktop\All\projects\ECamp\CapProcess\Logical\Libraries\Acp10sim\binary.lby"
    LogicalPath="Libraries.Acp10sim"
    Type="Library"
    LastWriteTime="133460977013763157" />
  <Object
    Path="C:\Users\maskeu\Desktop\All\projects\ECamp\CapProcess\Logical\Libraries\Acp10sim\acp10sim.var"
    LogicalPath="Libraries.Acp10sim.acp10sim.var"
    Type="File"
    LastWriteTime="133460977013606542"
    Private="false" />
  <Object
    Path="C:\Users\maskeu\Desktop\All\projects\ECamp\CapProcess\Logical\Libraries\Acp10sim\acp10sim.typ"
    LogicalPath="Libraries.Acp10sim.acp10sim.typ"
    Type="File"
    LastWriteTime="133460977013763157"
    Private="false" />
  <Object
    Path="C:\Users\maskeu\Desktop\All\projects\ECamp\CapProcess\Logical\Libraries\Acp10_MC\binary.lby"
    LogicalPath="Libraries.Acp10_MC"
    Type="Library"
    LastWriteTime="133460977020932656" />
  <Object
    Path="C:\Users\maskeu\Desktop\All\projects\ECamp\CapProcess\Logical\Libraries\Acp10_MC\acp10_mc.fun"
    LogicalPath="Libraries.Acp10_MC.acp10_mc.fun"
    Type="File"
    LastWriteTime="133460977020777388"
    Private="false" />
  <Object
    Path="C:\Users\maskeu\Desktop\All\projects\ECamp\CapProcess\Logical\Libraries\Acp10_MC\acp10_mc.typ"
    LogicalPath="Libraries.Acp10_MC.acp10_mc.typ"
    Type="File"
    LastWriteTime="133460977020777388"
    Private="false" />
  <Object
    Path="C:\Users\maskeu\Desktop\All\projects\ECamp\CapProcess\Logical\Libraries\Acp10_MC\acp10_mc.var"
    LogicalPath="Libraries.Acp10_MC.acp10_mc.var"
    Type="File"
    LastWriteTime="133460977020932656"
    Private="false" />
  <Object
    Path="C:\Users\maskeu\Desktop\All\projects\ECamp\CapProcess\Logical\Libraries\sys_lib\binary.lby"
    LogicalPath="Libraries.sys_lib"
    Type="Library"
    LastWriteTime="133460977021467201" />
  <Object
    Path="C:\Users\maskeu\Desktop\All\projects\ECamp\CapProcess\Logical\Libraries\sys_lib\sys_lib.fun"
    LogicalPath="Libraries.sys_lib.sys_lib.fun"
    Type="File"
    LastWriteTime="133460977021401808"
    Private="false" />
  <Object
    Path="C:\Users\maskeu\Desktop\All\projects\ECamp\CapProcess\Logical\Libraries\sys_lib\sys_lib.typ"
    LogicalPath="Libraries.sys_lib.sys_lib.typ"
    Type="File"
    LastWriteTime="133460977021467201"
    Private="false" />
  <Object
    Path="C:\Users\maskeu\Desktop\All\projects\ECamp\CapProcess\Logical\Libraries\sys_lib\sys_lib.var"
    LogicalPath="Libraries.sys_lib.sys_lib.var"
    Type="File"
    LastWriteTime="133460977021467201"
    Private="false" />
  <Object
    Path="C:\Users\maskeu\Desktop\All\projects\ECamp\CapProcess\Logical\Libraries\brsystem\binary.lby"
    LogicalPath="Libraries.brsystem"
    Type="Library"
    LastWriteTime="133460977022092584" />
  <Object
    Path="C:\Users\maskeu\Desktop\All\projects\ECamp\CapProcess\Logical\Libraries\brsystem\brsystem.fun"
    LogicalPath="Libraries.brsystem.brsystem.fun"
    Type="File"
    LastWriteTime="133460977021936021"
    Private="false" />
  <Object
    Path="C:\Users\maskeu\Desktop\All\projects\ECamp\CapProcess\Logical\Libraries\brsystem\brsystem.typ"
    LogicalPath="Libraries.brsystem.brsystem.typ"
    Type="File"
    LastWriteTime="133460977022092584"
    Private="false" />
  <Object
    Path="C:\Users\maskeu\Desktop\All\projects\ECamp\CapProcess\Logical\Libraries\brsystem\brsystem.var"
    LogicalPath="Libraries.brsystem.brsystem.var"
    Type="File"
    LastWriteTime="133460977022092584"
    Private="false" />
  <Object
    Path="C:\Users\maskeu\Desktop\All\projects\ECamp\CapProcess\Logical\Libraries\MpAlarmX\Binary.lby"
    LogicalPath="Libraries.MpAlarmX"
    Type="Library"
    LastWriteTime="133460977947639495" />
  <Object
    Path="C:\Users\maskeu\Desktop\All\projects\ECamp\CapProcess\Logical\Libraries\MpAlarmX\MpAlarmX.typ"
    LogicalPath="Libraries.MpAlarmX.MpAlarmX.typ"
    Type="File"
    LastWriteTime="133460977947569497"
    Private="false" />
  <Object
    Path="C:\Users\maskeu\Desktop\All\projects\ECamp\CapProcess\Logical\Libraries\MpAlarmX\MpAlarmXError.typ"
    LogicalPath="Libraries.MpAlarmX.MpAlarmXError.typ"
    Type="File"
    LastWriteTime="133460977947599496"
    Private="false" />
  <Object
    Path="C:\Users\maskeu\Desktop\All\projects\ECamp\CapProcess\Logical\Libraries\MpAlarmX\MpAlarmX.fun"
    LogicalPath="Libraries.MpAlarmX.MpAlarmX.fun"
    Type="File"
    LastWriteTime="133460977947629508"
    Private="false" />
  <Object
    Path="C:\Users\maskeu\Desktop\All\projects\ECamp\CapProcess\Logical\Libraries\MpBase\Binary.lby"
    LogicalPath="Libraries.MpBase"
    Type="Library"
    LastWriteTime="133460977948299491" />
  <Object
    Path="C:\Users\maskeu\Desktop\All\projects\ECamp\CapProcess\Logical\Libraries\MpBase\MpBase.var"
    LogicalPath="Libraries.MpBase.MpBase.var"
    Type="File"
    LastWriteTime="133460977948179509"
    Private="false" />
  <Object
    Path="C:\Users\maskeu\Desktop\All\projects\ECamp\CapProcess\Logical\Libraries\MpBase\MpBase.typ"
    LogicalPath="Libraries.MpBase.MpBase.typ"
    Type="File"
    LastWriteTime="133460977948219506"
    Private="false" />
  <Object
    Path="C:\Users\maskeu\Desktop\All\projects\ECamp\CapProcess\Logical\Libraries\MpBase\MpBase.fun"
    LogicalPath="Libraries.MpBase.MpBase.fun"
    Type="File"
    LastWriteTime="133460977948249504"
    Private="false" />
  <Object
    Path="C:\Users\maskeu\Desktop\All\projects\ECamp\CapProcess\Logical\Libraries\MpBase\Common_EventLog.tmx"
    LogicalPath="Libraries.MpBase.Common_EventLog.tmx"
    Type="File"
    LastWriteTime="133460977948289494"
    Private="false" />
  <Object
    Path="C:\Users\maskeu\Desktop\All\projects\ECamp\CapProcess\Logical\Libraries\MpAxis\Binary.lby"
    LogicalPath="Libraries.MpAxis"
    Type="Library"
    LastWriteTime="133460978964107256" />
  <Object
    Path="C:\Users\maskeu\Desktop\All\projects\ECamp\CapProcess\Logical\Libraries\MpAxis\MpAxis.typ"
    LogicalPath="Libraries.MpAxis.MpAxis.typ"
    Type="File"
    LastWriteTime="133460978963936944"
    Private="false" />
  <Object
    Path="C:\Users\maskeu\Desktop\All\projects\ECamp\CapProcess\Logical\Libraries\MpAxis\MpAxisError.typ"
    LogicalPath="Libraries.MpAxis.MpAxisError.typ"
    Type="File"
    LastWriteTime="133460978963987274"
    Private="false" />
  <Object
    Path="C:\Users\maskeu\Desktop\All\projects\ECamp\CapProcess\Logical\Libraries\MpAxis\MpAxisAlarm.typ"
    LogicalPath="Libraries.MpAxis.MpAxisAlarm.typ"
    Type="File"
    LastWriteTime="133460978964037329"
    Private="false" />
  <Object
    Path="C:\Users\maskeu\Desktop\All\projects\ECamp\CapProcess\Logical\Libraries\MpAxis\MpAxis.fun"
    LogicalPath="Libraries.MpAxis.MpAxis.fun"
    Type="File"
    LastWriteTime="133460978964086937"
    Private="false" />
  <Object
    Path="C:\Users\maskeu\Desktop\All\projects\ECamp\CapProcess\Logical\Libraries\MpCom\Binary.lby"
    LogicalPath="Libraries.MpCom"
    Type="Library"
    LastWriteTime="133460978965310392" />
  <Object
    Path="C:\Users\maskeu\Desktop\All\projects\ECamp\CapProcess\Logical\Libraries\MpCom\MpCom.var"
    LogicalPath="Libraries.MpCom.MpCom.var"
    Type="File"
    LastWriteTime="133460978965179855"
    Private="false" />
  <Object
    Path="C:\Users\maskeu\Desktop\All\projects\ECamp\CapProcess\Logical\Libraries\MpCom\MpCom.typ"
    LogicalPath="Libraries.MpCom.MpCom.typ"
    Type="File"
    LastWriteTime="133460978965230303"
    Private="false" />
  <Object
    Path="C:\Users\maskeu\Desktop\All\projects\ECamp\CapProcess\Logical\Libraries\MpCom\MpComError.typ"
    LogicalPath="Libraries.MpCom.MpComError.typ"
    Type="File"
    LastWriteTime="133460978965259844"
    Private="false" />
  <Object
    Path="C:\Users\maskeu\Desktop\All\projects\ECamp\CapProcess\Logical\Libraries\MpCom\MpCom.fun"
    LogicalPath="Libraries.MpCom.MpCom.fun"
    Type="File"
    LastWriteTime="133460978965299850"
    Private="false" />
  <Object
    Path="C:\Users\maskeu\Desktop\All\projects\ECamp\CapProcess\Logical\Libraries\MpServer\Binary.lby"
    LogicalPath="Libraries.MpServer"
    Type="Library"
    LastWriteTime="133460979619581756" />
  <Object
    Path="C:\Users\maskeu\Desktop\All\projects\ECamp\CapProcess\Logical\Libraries\MpServer\Constants.var"
    LogicalPath="Libraries.MpServer.Constants.var"
    Type="File"
    LastWriteTime="133460979619473931"
    Private="false" />
  <Object
    Path="C:\Users\maskeu\Desktop\All\projects\ECamp\CapProcess\Logical\Libraries\MpServer\Types.typ"
    LogicalPath="Libraries.MpServer.Types.typ"
    Type="File"
    LastWriteTime="133460979619503935"
    Private="false" />
  <Object
    Path="C:\Users\maskeu\Desktop\All\projects\ECamp\CapProcess\Logical\Libraries\MpServer\MpServer.fun"
    LogicalPath="Libraries.MpServer.MpServer.fun"
    Type="File"
    LastWriteTime="133460979619523943"
    Private="false" />
  <Object
    Path="C:\Users\maskeu\Desktop\All\projects\ECamp\CapProcess\Logical\Libraries\MpServer\MpServer_EventLog.tmx"
    LogicalPath="Libraries.MpServer.MpServer_EventLog.tmx"
    Type="File"
    LastWriteTime="133460979619561735"
    Private="false" />
  <Object
    Path="C:\Users\maskeu\Desktop\All\projects\ECamp\CapProcess\Logical\Libraries\MpUserX\Binary.lby"
    LogicalPath="Libraries.MpUserX"
    Type="Library"
    LastWriteTime="133464922368848903" />
  <Object
    Path="C:\Users\maskeu\Desktop\All\projects\ECamp\CapProcess\Logical\Libraries\MpUserX\MpUserX.typ"
    LogicalPath="Libraries.MpUserX.MpUserX.typ"
    Type="File"
    LastWriteTime="133464922368778981"
    Private="false" />
  <Object
    Path="C:\Users\maskeu\Desktop\All\projects\ECamp\CapProcess\Logical\Libraries\MpUserX\MpUserXError.typ"
    LogicalPath="Libraries.MpUserX.MpUserXError.typ"
    Type="File"
    LastWriteTime="133464922368798990"
    Private="false" />
  <Object
    Path="C:\Users\maskeu\Desktop\All\projects\ECamp\CapProcess\Logical\Libraries\MpUserX\MpUserXAlarm.typ"
    LogicalPath="Libraries.MpUserX.MpUserXAlarm.typ"
    Type="File"
    LastWriteTime="133464922368808901"
    Private="false" />
  <Object
    Path="C:\Users\maskeu\Desktop\All\projects\ECamp\CapProcess\Logical\Libraries\MpUserX\MpUserX.fun"
    LogicalPath="Libraries.MpUserX.MpUserX.fun"
    Type="File"
    LastWriteTime="133464922368838757"
    Private="false" />
  <Object
    Path="C:\Users\maskeu\Desktop\All\projects\ECamp\CapProcess\Logical\Libraries\AsTCP\binary.lby"
    LogicalPath="Libraries.AsTCP"
    Type="Library"
    LastWriteTime="133465041060581240" />
  <Object
    Path="C:\Users\maskeu\Desktop\All\projects\ECamp\CapProcess\Logical\Libraries\AsTCP\AsTCP.fun"
    LogicalPath="Libraries.AsTCP.AsTCP.fun"
    Type="File"
    LastWriteTime="133465041060491160"
    Private="false" />
  <Object
    Path="C:\Users\maskeu\Desktop\All\projects\ECamp\CapProcess\Logical\Libraries\AsTCP\AsTCP.typ"
    LogicalPath="Libraries.AsTCP.AsTCP.typ"
    Type="File"
    LastWriteTime="133465041060521175"
    Private="false" />
  <Object
    Path="C:\Users\maskeu\Desktop\All\projects\ECamp\CapProcess\Logical\Libraries\AsTCP\AsTCP.var"
    LogicalPath="Libraries.AsTCP.AsTCP.var"
    Type="File"
    LastWriteTime="133465041060541156"
    Private="false" />
  <Object
    Path="C:\Users\maskeu\Desktop\All\projects\ECamp\CapProcess\Logical\Libraries\standard\binary.lby"
    LogicalPath="Libraries.standard"
    Type="Library"
    LastWriteTime="133465041068240152" />
  <Object
    Path="C:\Users\maskeu\Desktop\All\projects\ECamp\CapProcess\Logical\Libraries\standard\standard.fun"
    LogicalPath="Libraries.standard.standard.fun"
    Type="File"
    LastWriteTime="133465041068130088"
    Private="false" />
  <Object
    Path="C:\Users\maskeu\Desktop\All\projects\ECamp\CapProcess\Logical\Libraries\standard\standard.typ"
    LogicalPath="Libraries.standard.standard.typ"
    Type="File"
    LastWriteTime="133465041068160084"
    Private="false" />
  <Object
    Path="C:\Users\maskeu\Desktop\All\projects\ECamp\CapProcess\Logical\Libraries\standard\standard.var"
    LogicalPath="Libraries.standard.standard.var"
    Type="File"
    LastWriteTime="133465041068180099"
    Private="false" />
  <Object
    Path="C:\Users\maskeu\Desktop\All\projects\ECamp\CapProcess\Logical\Libraries\ArEventLog\binary.lby"
    LogicalPath="Libraries.ArEventLog"
    Type="Library"
    LastWriteTime="133465041072303065" />
  <Object
    Path="C:\Users\maskeu\Desktop\All\projects\ECamp\CapProcess\Logical\Libraries\ArEventLog\ArEventLog.fun"
    LogicalPath="Libraries.ArEventLog.ArEventLog.fun"
    Type="File"
    LastWriteTime="133465041072233069"
    Private="false" />
  <Object
    Path="C:\Users\maskeu\Desktop\All\projects\ECamp\CapProcess\Logical\Libraries\ArEventLog\ArEventLog.typ"
    LogicalPath="Libraries.ArEventLog.ArEventLog.typ"
    Type="File"
    LastWriteTime="133465041072243071"
    Private="false" />
  <Object
    Path="C:\Users\maskeu\Desktop\All\projects\ECamp\CapProcess\Logical\Libraries\ArEventLog\ArEventLog.var"
    LogicalPath="Libraries.ArEventLog.ArEventLog.var"
    Type="File"
    LastWriteTime="133465041072273069"
    Private="false" />
  <Object
    Path="C:\Users\maskeu\Desktop\All\projects\ECamp\CapProcess\Logical\Libraries\AsBrStr\binary.lby"
    LogicalPath="Libraries.AsBrStr"
    Type="Library"
    LastWriteTime="133465041076003074" />
  <Object
    Path="C:\Users\maskeu\Desktop\All\projects\ECamp\CapProcess\Logical\Libraries\AsBrStr\AsBrStr.fun"
    LogicalPath="Libraries.AsBrStr.AsBrStr.fun"
    Type="File"
    LastWriteTime="133465041075923069"
    Private="false" />
  <Object
    Path="C:\Users\maskeu\Desktop\All\projects\ECamp\CapProcess\Logical\Libraries\AsBrStr\AsBrStr.typ"
    LogicalPath="Libraries.AsBrStr.AsBrStr.typ"
    Type="File"
    LastWriteTime="133465041075943065"
    Private="false" />
  <Object
    Path="C:\Users\maskeu\Desktop\All\projects\ECamp\CapProcess\Logical\Libraries\AsBrStr\AsBrStr.var"
    LogicalPath="Libraries.AsBrStr.AsBrStr.var"
    Type="File"
    LastWriteTime="133465041075963071"
    Private="false" />
  <Object
    Path="C:\Users\maskeu\Desktop\All\projects\ECamp\CapProcess\Logical\acp10etxen\Ett.dob"
    LogicalPath="acp10etxen"
    Type="DataObject"
    LastWriteTime="133460977003818072" />
  <Object
    Path="C:\Users\maskeu\Desktop\All\projects\ECamp\CapProcess\Logical\acp10etxen\acp10etxen.ett"
    LogicalPath="acp10etxen.acp10etxen.ett"
    Type="File"
    LastWriteTime="133460977005063342"
    Private="false" />
  <Object
    Path="C:\Users\maskeu\Desktop\All\projects\ECamp\CapProcess\Logical\gAxis01obj\Package.pkg"
    LogicalPath="gAxis01obj"
    Type="Package"
    LastWriteTime="133460977033654225" />
  <Object
    Path="C:\Users\maskeu\Desktop\All\projects\ECamp\CapProcess\Logical\gAxis01obj\gAxis01a\Apt.dob"
    LogicalPath="gAxis01obj.gAxis01a"
    Type="DataObject"
    LastWriteTime="133460977031119436" />
  <Object
    Path="C:\Users\maskeu\Desktop\All\projects\ECamp\CapProcess\Logical\gAxis01obj\gAxis01a\gAxis01a.apt"
    LogicalPath="gAxis01obj.gAxis01a.gAxis01a.apt"
    Type="File"
    LastWriteTime="133460977031650781"
    Private="false" />
  <Object
    Path="C:\Users\maskeu\Desktop\All\projects\ECamp\CapProcess\Logical\gAxis01obj\gAxis01i\Ax.dob"
    LogicalPath="gAxis01obj.gAxis01i"
    Type="DataObject"
    LastWriteTime="133460977032364188" />
  <Object
    Path="C:\Users\maskeu\Desktop\All\projects\ECamp\CapProcess\Logical\gAxis01obj\gAxis01i\gAxis01i.ax"
    LogicalPath="gAxis01obj.gAxis01i.gAxis01i.ax"
    Type="File"
    LastWriteTime="133460982959767365"
    Private="false" />
  <Object
    Path="C:\Users\maskeu\Desktop\All\projects\ECamp\CapProcess\Logical\gAxis02obj\Package.pkg"
    LogicalPath="gAxis02obj"
    Type="Package"
    LastWriteTime="133460977037822914" />
  <Object
    Path="C:\Users\maskeu\Desktop\All\projects\ECamp\CapProcess\Logical\gAxis02obj\gAxis02a\Apt.dob"
    LogicalPath="gAxis02obj.gAxis02a"
    Type="DataObject"
    LastWriteTime="133460977034811407" />
  <Object
    Path="C:\Users\maskeu\Desktop\All\projects\ECamp\CapProcess\Logical\gAxis02obj\gAxis02a\gAxis02a.apt"
    LogicalPath="gAxis02obj.gAxis02a.gAxis02a.apt"
    Type="File"
    LastWriteTime="133460977034968131"
    Private="false" />
  <Object
    Path="C:\Users\maskeu\Desktop\All\projects\ECamp\CapProcess\Logical\gAxis02obj\gAxis02i\Ax.dob"
    LogicalPath="gAxis02obj.gAxis02i"
    Type="DataObject"
    LastWriteTime="133460977035815278" />
  <Object
    Path="C:\Users\maskeu\Desktop\All\projects\ECamp\CapProcess\Logical\gAxis02obj\gAxis02i\gAxis02i.ax"
    LogicalPath="gAxis02obj.gAxis02i.gAxis02i.ax"
    Type="File"
    LastWriteTime="133460977037665864"
    Private="false" />
  <Object
    Path="C:\Users\maskeu\Desktop\All\projects\ECamp\CapProcess\Logical\mappView\Package.pkg"
    LogicalPath="mappView"
    Type="Package"
    LastWriteTime="133464898244850473" />
  <Object
    Path="C:\Users\maskeu\Desktop\All\projects\ECamp\CapProcess\Logical\mappView\Layouts\Package.pkg"
    LogicalPath="mappView.Layouts"
    Type="Package"
    LastWriteTime="133464841605198612" />
  <Object
    Path="C:\Users\maskeu\Desktop\All\projects\ECamp\CapProcess\Logical\mappView\Widgets\Package.pkg"
    LogicalPath="mappView.Widgets"
    Type="Package"
    LastWriteTime="133464841605268043" />
  <Object
    Path="C:\Users\maskeu\Desktop\All\projects\ECamp\CapProcess\Logical\mappView\Resources\Package.pkg"
    LogicalPath="mappView.Resources"
    Type="Package"
    LastWriteTime="133464841605545219" />
  <Object
    Path="C:\Users\maskeu\Desktop\All\projects\ECamp\CapProcess\Logical\mappView\Resources\Texts\Package.pkg"
    LogicalPath="mappView.Resources.Texts"
    Type="Package"
    LastWriteTime="133464841605377050" />
  <Object
    Path="C:\Users\maskeu\Desktop\All\projects\ECamp\CapProcess\Logical\mappView\Resources\Snippets\Package.pkg"
    LogicalPath="mappView.Resources.Snippets"
    Type="Package"
    LastWriteTime="133464841605426631" />
  <Object
    Path="C:\Users\maskeu\Desktop\All\projects\ECamp\CapProcess\Logical\mappView\Resources\Themes\Package.pkg"
    LogicalPath="mappView.Resources.Themes"
    Type="Package"
    LastWriteTime="133464841605485270" />
  <Object
    Path="C:\Users\maskeu\Desktop\All\projects\ECamp\CapProcess\Logical\mappView\Resources\Media\Package.pkg"
    LogicalPath="mappView.Resources.Media"
    Type="Package"
    LastWriteTime="133464841605534835" />
  <Object
    Path="C:\Users\maskeu\Desktop\All\projects\ECamp\CapProcess\Logical\mappView\Visualization\Package.pkg"
    LogicalPath="mappView.Visualization"
    Type="Package"
    LastWriteTime="133464841689163023" />
  <Object
    Path="C:\Users\maskeu\Desktop\All\projects\ECamp\CapProcess\Logical\mappView\Visualization\Pages\Package.pkg"
    LogicalPath="mappView.Visualization.Pages"
    Type="Package"
    LastWriteTime="133464863934884781" />
  <Object
    Path="C:\Users\maskeu\Desktop\All\projects\ECamp\CapProcess\Logical\mappView\Visualization\Pages\AreaContents\Package.pkg"
    LogicalPath="mappView.Visualization.Pages.AreaContents"
    Type="Package"
    LastWriteTime="133464841688869793" />
  <Object
    Path="C:\Users\maskeu\Desktop\All\projects\ECamp\CapProcess\Logical\mappView\Visualization\Pages\MainPage\Package.pkg"
    LogicalPath="mappView.Visualization.Pages.MainPage"
    Type="Package"
    LastWriteTime="133465023358418552" />
  <Object
    Path="C:\Users\maskeu\Desktop\All\projects\ECamp\CapProcess\Logical\mappView\Visualization\Pages\MainPage\Page.page"
    LogicalPath="mappView.Visualization.Pages.MainPage.Page.page"
    Type="File"
    LastWriteTime="133464925450785100"
    Private="false" />
  <Object
    Path="C:\Users\maskeu\Desktop\All\projects\ECamp\CapProcess\Logical\mappView\Visualization\Pages\MainPage\BodyContent.content"
    LogicalPath="mappView.Visualization.Pages.MainPage.BodyContent.content"
    Type="File"
    LastWriteTime="133464864266564512"
    Private="false" />
  <Object
    Path="C:\Users\maskeu\Desktop\All\projects\ECamp\CapProcess\Logical\mappView\Visualization\Pages\MainPage\NavBar.content"
    LogicalPath="mappView.Visualization.Pages.MainPage.NavBar.content"
    Type="File"
    LastWriteTime="133465036687189343"
    Private="false" />
  <Object
    Path="C:\Users\maskeu\Desktop\All\projects\ECamp\CapProcess\Logical\mappView\Visualization\Pages\MainPage\Header.content"
    LogicalPath="mappView.Visualization.Pages.MainPage.Header.content"
    Type="File"
    LastWriteTime="133465029965167437"
    Private="false" />
  <Object
    Path="C:\Users\maskeu\Desktop\All\projects\ECamp\CapProcess\Logical\mappView\Visualization\Pages\MainPage\AlarmsCont.content"
    LogicalPath="mappView.Visualization.Pages.MainPage.AlarmsCont.content"
    Type="File"
    LastWriteTime="133464901105392811"
    Private="false" />
  <Object
    Path="C:\Users\maskeu\Desktop\All\projects\ECamp\CapProcess\Logical\mappView\Visualization\Pages\MainPage\UserMgt.content"
    LogicalPath="mappView.Visualization.Pages.MainPage.UserMgt.content"
    Type="File"
    LastWriteTime="133465000531332574"
    Private="false" />
  <Object
    Path="C:\Users\maskeu\Desktop\All\projects\ECamp\CapProcess\Logical\mappView\Visualization\Pages\MainPage\Diagnostic.content"
    LogicalPath="mappView.Visualization.Pages.MainPage.Diagnostic.content"
    Type="File"
    LastWriteTime="133465029445677502"
    Private="false" />
  <Object
    Path="C:\Users\maskeu\Desktop\All\projects\ECamp\CapProcess\Logical\mappView\Visualization\Variables\Package.pkg"
    LogicalPath="mappView.Visualization.Variables"
    Type="Package"
    LastWriteTime="133464841688924036" />
  <Object
    Path="C:\Users\maskeu\Desktop\All\projects\ECamp\CapProcess\Logical\mappView\Visualization\Expressions\Package.pkg"
    LogicalPath="mappView.Visualization.Expressions"
    Type="Package"
    LastWriteTime="133464841688964292" />
  <Object
    Path="C:\Users\maskeu\Desktop\All\projects\ECamp\CapProcess\Logical\mappView\Visualization\Layouts\Package.pkg"
    LogicalPath="mappView.Visualization.Layouts"
    Type="Package"
    LastWriteTime="133464843313761300" />
  <Object
    Path="C:\Users\maskeu\Desktop\All\projects\ECamp\CapProcess\Logical\mappView\Visualization\Layouts\Layout.layout"
    LogicalPath="mappView.Visualization.Layouts.Layout.layout"
    Type="File"
    LastWriteTime="133464847818886123"
    Private="false" />
  <Object
    Path="C:\Users\maskeu\Desktop\All\projects\ECamp\CapProcess\Logical\mappView\Visualization\Dialogs\Package.pkg"
    LogicalPath="mappView.Visualization.Dialogs"
    Type="Package"
    LastWriteTime="133464841689053479" />
  <Object
    Path="C:\Users\maskeu\Desktop\All\projects\ECamp\CapProcess\Logical\mappView\Visualization\Dialogs\AreaContents\Package.pkg"
    LogicalPath="mappView.Visualization.Dialogs.AreaContents"
    Type="Package"
    LastWriteTime="133464841689043564" />
  <Object
    Path="C:\Users\maskeu\Desktop\All\projects\ECamp\CapProcess\Logical\mappView\Visualization\Resources\Package.pkg"
    LogicalPath="mappView.Visualization.Resources"
    Type="Package"
    LastWriteTime="133464841689153289" />
  <Object
    Path="C:\Users\maskeu\Desktop\All\projects\ECamp\CapProcess\Logical\mappView\Visualization\Resources\Texts\Package.pkg"
    LogicalPath="mappView.Visualization.Resources.Texts"
    Type="Package"
    LastWriteTime="133464841689103498" />
  <Object
    Path="C:\Users\maskeu\Desktop\All\projects\ECamp\CapProcess\Logical\mappView\Visualization\Resources\Snippets\Package.pkg"
    LogicalPath="mappView.Visualization.Resources.Snippets"
    Type="Package"
    LastWriteTime="133464841689133228" />
  <Object
    Path="C:\Users\maskeu\Desktop\All\projects\ECamp\CapProcess\Logical\mappView\Project.language"
    LogicalPath="mappView.Project.language"
    Type="File"
    LastWriteTime="133464841698920075"
    Private="false" />
  <Object
    Path="C:\Users\maskeu\Desktop\All\projects\ECamp\CapProcess\Logical\mappView\LocalizableTexts.tmx"
    LogicalPath="mappView.LocalizableTexts.tmx"
    Type="File"
    LastWriteTime="133464936004628250"
    Private="false" />
  <Object
    Path="C:\Users\maskeu\Desktop\All\projects\ECamp\CapProcess\Logical\AlarmsPkg\Package.pkg"
    LogicalPath="AlarmsPkg"
    Type="Package"
    LastWriteTime="133464868162125129" />
  <Object
    Path="C:\Users\maskeu\Desktop\All\projects\ECamp\CapProcess\Logical\AlarmsPkg\AlarmsX\IEC.prg"
    LogicalPath="AlarmsPkg.AlarmsX"
    Type="Program"
    LastWriteTime="133464866349103470" />
  <Object
    Path="C:\Users\maskeu\Desktop\All\projects\ECamp\CapProcess\Logical\AlarmsPkg\AlarmsX\Main.st"
    LogicalPath="AlarmsPkg.AlarmsX.Main.st"
    Type="File"
    LastWriteTime="133464882418236013"
    Private="false" />
  <Object
    Path="C:\Users\maskeu\Desktop\All\projects\ECamp\CapProcess\Logical\AlarmsPkg\AlarmsX\Types.typ"
    LogicalPath="AlarmsPkg.AlarmsX.Types.typ"
    Type="File"
    LastWriteTime="133464866349043476"
    Private="true" />
  <Object
    Path="C:\Users\maskeu\Desktop\All\projects\ECamp\CapProcess\Logical\AlarmsPkg\AlarmsX\Variables.var"
    LogicalPath="AlarmsPkg.AlarmsX.Variables.var"
    Type="File"
    LastWriteTime="133464868794601281"
    Private="true" />
  <Object
    Path="C:\Users\maskeu\Desktop\All\projects\ECamp\CapProcess\Logical\MNG_Global.typ"
    LogicalPath="MNG_Global.typ"
    Type="File"
    LastWriteTime="133465042714099302"
    Private="false" />
  <Object
    Path="C:\Users\maskeu\Desktop\All\projects\ECamp\CapProcess\Logical\CapPushPkg\Package.pkg"
    LogicalPath="CapPushPkg"
    Type="Package"
    LastWriteTime="133465097435879158" />
  <Object
    Path="C:\Users\maskeu\Desktop\All\projects\ECamp\CapProcess\Logical\CapPushPkg\CapPush\IEC.prg"
    LogicalPath="CapPushPkg.CapPush"
    Type="Program"
    LastWriteTime="133465090481348492" />
  <Object
    Path="C:\Users\maskeu\Desktop\All\projects\ECamp\CapProcess\Logical\CapPushPkg\CapPush\Main.st"
    LogicalPath="CapPushPkg.CapPush.Main.st"
    Type="File"
    LastWriteTime="133465940796500778"
    Private="false" />
  <Object
    Path="C:\Users\maskeu\Desktop\All\projects\ECamp\CapProcess\Logical\CapPushPkg\CapPush\Types.typ"
    LogicalPath="CapPushPkg.CapPush.Types.typ"
    Type="File"
    LastWriteTime="133465928431991975"
    Private="true" />
  <Object
    Path="C:\Users\maskeu\Desktop\All\projects\ECamp\CapProcess\Logical\CapPushPkg\CapPush\Variables.var"
    LogicalPath="CapPushPkg.CapPush.Variables.var"
    Type="File"
    LastWriteTime="133465927890441971"
    Private="true" />
  <Object
    Path="C:\Users\maskeu\Desktop\All\projects\ECamp\CapProcess\Logical\CapPushPkg\CapPushtyp.typ"
    LogicalPath="CapPushPkg.CapPushtyp.typ"
    Type="File"
    LastWriteTime="133465939575012353"
    Private="false" />
  <Object
    Path="C:\Users\maskeu\Desktop\All\projects\ECamp\CapProcess\Logical\PickupArmPkg\Package.pkg"
    LogicalPath="PickupArmPkg"
    Type="Package"
    LastWriteTime="133465295086792980" />
  <Object
    Path="C:\Users\maskeu\Desktop\All\projects\ECamp\CapProcess\Logical\PickupArmPkg\PickupArm\IEC.prg"
    LogicalPath="PickupArmPkg.PickupArm"
    Type="Program"
    LastWriteTime="133465099235577871" />
  <Object
    Path="C:\Users\maskeu\Desktop\All\projects\ECamp\CapProcess\Logical\PickupArmPkg\PickupArm\Main.st"
    LogicalPath="PickupArmPkg.PickupArm.Main.st"
    Type="File"
    LastWriteTime="133465957950495765"
    Private="false" />
  <Object
    Path="C:\Users\maskeu\Desktop\All\projects\ECamp\CapProcess\Logical\PickupArmPkg\PickupArm\Types.typ"
    LogicalPath="PickupArmPkg.PickupArm.Types.typ"
    Type="File"
    LastWriteTime="133465947933823901"
    Private="true" />
  <Object
    Path="C:\Users\maskeu\Desktop\All\projects\ECamp\CapProcess\Logical\PickupArmPkg\PickupArm\Variables.var"
    LogicalPath="PickupArmPkg.PickupArm.Variables.var"
    Type="File"
    LastWriteTime="133465941930668567"
    Private="true" />
  <Object
    Path="C:\Users\maskeu\Desktop\All\projects\ECamp\CapProcess\Logical\PickupArmPkg\Pickuptyp.typ"
    LogicalPath="PickupArmPkg.Pickuptyp.typ"
    Type="File"
    LastWriteTime="133465941160773758"
    Private="false" />
  <Object
    Path="C:\Users\maskeu\Desktop\All\projects\ECamp\CapProcess\Logical\LogoConvPkg\Package.pkg"
    LogicalPath="LogoConvPkg"
    Type="Package"
    LastWriteTime="133465295087182610" />
  <Object
    Path="C:\Users\maskeu\Desktop\All\projects\ECamp\CapProcess\Logical\LogoConvPkg\LogoCOnv\IEC.prg"
    LogicalPath="LogoConvPkg.LogoCOnv"
    Type="Program"
    LastWriteTime="133465295087122983" />
  <Object
    Path="C:\Users\maskeu\Desktop\All\projects\ECamp\CapProcess\Logical\LogoConvPkg\LogoCOnv\Main.st"
    LogicalPath="LogoConvPkg.LogoCOnv.Main.st"
    Type="File"
    LastWriteTime="133465295087012612"
    Private="false" />
  <Object
    Path="C:\Users\maskeu\Desktop\All\projects\ECamp\CapProcess\Logical\LogoConvPkg\LogoCOnv\Types.typ"
    LogicalPath="LogoConvPkg.LogoCOnv.Types.typ"
    Type="File"
    LastWriteTime="133465295087062610"
    Private="true" />
  <Object
    Path="C:\Users\maskeu\Desktop\All\projects\ECamp\CapProcess\Logical\LogoConvPkg\LogoCOnv\Variables.var"
    LogicalPath="LogoConvPkg.LogoCOnv.Variables.var"
    Type="File"
    LastWriteTime="133465295087103071"
    Private="true" />
  <Object
    Path="C:\Users\maskeu\Desktop\All\projects\ECamp\CapProcess\Logical\LogoConvPkg\LogoTyp.typ"
    LogicalPath="LogoConvPkg.LogoTyp.typ"
    Type="File"
    LastWriteTime="133465305164650174"
    Private="true" />
  <Object
    Path="C:\Users\maskeu\Desktop\All\projects\ECamp\CapProcess\Logical\SortConvPkg\Package.pkg"
    LogicalPath="SortConvPkg"
    Type="Package"
    LastWriteTime="133465111794694481" />
  <Object
    Path="C:\Users\maskeu\Desktop\All\projects\ECamp\CapProcess\Logical\SortConvPkg\SortConv\IEC.prg"
    LogicalPath="SortConvPkg.SortConv"
    Type="Program"
    LastWriteTime="133465111396174700" />
  <Object
    Path="C:\Users\maskeu\Desktop\All\projects\ECamp\CapProcess\Logical\SortConvPkg\SortConv\Main.st"
    LogicalPath="SortConvPkg.SortConv.Main.st"
    Type="File"
    LastWriteTime="133465312186073079"
    Private="false" />
  <Object
    Path="C:\Users\maskeu\Desktop\All\projects\ECamp\CapProcess\Logical\SortConvPkg\SortConv\Types.typ"
    LogicalPath="SortConvPkg.SortConv.Types.typ"
    Type="File"
    LastWriteTime="133465111396134713"
    Private="true" />
  <Object
    Path="C:\Users\maskeu\Desktop\All\projects\ECamp\CapProcess\Logical\SortConvPkg\SortConv\Variables.var"
    LogicalPath="SortConvPkg.SortConv.Variables.var"
    Type="File"
    LastWriteTime="133465114500684992"
    Private="true" />
  <Object
    Path="C:\Users\maskeu\Desktop\All\projects\ECamp\CapProcess\Logical\SortConvPkg\SortTyp.typ"
    LogicalPath="SortConvPkg.SortTyp.typ"
    Type="File"
    LastWriteTime="133465303181029844"
    Private="true" />
  <Object
    Path="C:\Users\maskeu\Desktop\All\projects\ECamp\CapProcess\Logical\ClrDetectPkg\Package.pkg"
    LogicalPath="ClrDetectPkg"
    Type="Package"
    LastWriteTime="133465115547872870" />
  <Object
    Path="C:\Users\maskeu\Desktop\All\projects\ECamp\CapProcess\Logical\ClrDetectPkg\ClrDetect\IEC.prg"
    LogicalPath="ClrDetectPkg.ClrDetect"
    Type="Program"
    LastWriteTime="133465115164671499" />
  <Object
    Path="C:\Users\maskeu\Desktop\All\projects\ECamp\CapProcess\Logical\ClrDetectPkg\ClrDetect\Main.st"
    LogicalPath="ClrDetectPkg.ClrDetect.Main.st"
    Type="File"
    LastWriteTime="133465123073852926"
    Private="false" />
  <Object
    Path="C:\Users\maskeu\Desktop\All\projects\ECamp\CapProcess\Logical\ClrDetectPkg\ClrDetect\Types.typ"
    LogicalPath="ClrDetectPkg.ClrDetect.Types.typ"
    Type="File"
    LastWriteTime="133465115164611544"
    Private="true" />
  <Object
    Path="C:\Users\maskeu\Desktop\All\projects\ECamp\CapProcess\Logical\ClrDetectPkg\ClrDetect\Variables.var"
    LogicalPath="ClrDetectPkg.ClrDetect.Variables.var"
    Type="File"
    LastWriteTime="133465301036028060"
    Private="true" />
  <Object
    Path="C:\Users\maskeu\Desktop\All\projects\ECamp\CapProcess\Logical\ClrDetectPkg\ClrDetTyp.typ"
    LogicalPath="ClrDetectPkg.ClrDetTyp.typ"
    Type="File"
    LastWriteTime="133465300835393728"
    Private="true" />
  <Object
    Path="C:\Users\maskeu\Desktop\All\projects\ECamp\CapProcess\Logical\LaneGatesPkg\Package.pkg"
    LogicalPath="LaneGatesPkg"
    Type="Package"
    LastWriteTime="133465127524879891" />
  <Object
    Path="C:\Users\maskeu\Desktop\All\projects\ECamp\CapProcess\Logical\LaneGatesPkg\LineGates\IEC.prg"
    LogicalPath="LaneGatesPkg.LineGates"
    Type="Program"
    LastWriteTime="133465124290900592" />
  <Object
    Path="C:\Users\maskeu\Desktop\All\projects\ECamp\CapProcess\Logical\LaneGatesPkg\LineGates\Main.st"
    LogicalPath="LaneGatesPkg.LineGates.Main.st"
    Type="File"
    LastWriteTime="133465124390297242"
    Private="false" />
  <Object
    Path="C:\Users\maskeu\Desktop\All\projects\ECamp\CapProcess\Logical\LaneGatesPkg\LineGates\Types.typ"
    LogicalPath="LaneGatesPkg.LineGates.Types.typ"
    Type="File"
    LastWriteTime="133465274305333948"
    Private="true" />
  <Object
    Path="C:\Users\maskeu\Desktop\All\projects\ECamp\CapProcess\Logical\LaneGatesPkg\LineGates\Variables.var"
    LogicalPath="LaneGatesPkg.LineGates.Variables.var"
    Type="File"
    LastWriteTime="133465299326959974"
    Private="true" />
  <Object
    Path="C:\Users\maskeu\Desktop\All\projects\ECamp\CapProcess\Logical\LaneGatesPkg\Types.typ"
    LogicalPath="LaneGatesPkg.Types.typ"
    Type="File"
    LastWriteTime="133465314613403378"
    Private="false" />
  <Object
    Path="C:\Users\maskeu\Desktop\All\projects\ECamp\CapProcess\Logical\AutoCtrlPkg\Package.pkg"
    LogicalPath="AutoCtrlPkg"
    Type="Package"
    LastWriteTime="133465229493567670" />
  <Object
    Path="C:\Users\maskeu\Desktop\All\projects\ECamp\CapProcess\Logical\AutoCtrlPkg\AutoCtrl\IEC.prg"
    LogicalPath="AutoCtrlPkg.AutoCtrl"
    Type="Program"
    LastWriteTime="133465229427433234" />
  <Object
    Path="C:\Users\maskeu\Desktop\All\projects\ECamp\CapProcess\Logical\AutoCtrlPkg\AutoCtrl\Main.st"
    LogicalPath="AutoCtrlPkg.AutoCtrl.Main.st"
    Type="File"
    LastWriteTime="133465229427353570"
    Private="false" />
  <Object
    Path="C:\Users\maskeu\Desktop\All\projects\ECamp\CapProcess\Logical\AutoCtrlPkg\AutoCtrl\Types.typ"
    LogicalPath="AutoCtrlPkg.AutoCtrl.Types.typ"
    Type="File"
    LastWriteTime="133465229427383241"
    Private="true" />
  <Object
    Path="C:\Users\maskeu\Desktop\All\projects\ECamp\CapProcess\Logical\AutoCtrlPkg\AutoCtrl\Variables.var"
    LogicalPath="AutoCtrlPkg.AutoCtrl.Variables.var"
    Type="File"
    LastWriteTime="133465229427413584"
    Private="true" />
  <Object
    Path="C:\Users\maskeu\Desktop\All\projects\ECamp\CapProcess\Physical\Config2\Config.pkg"
    LogicalPath="Config2"
    Type="Configuration.ParentUnknown"
    LastWriteTime="133464989108815435" />
  <Object
    Path="C:\Users\maskeu\Desktop\All\projects\ECamp\CapProcess\Physical\Config2\Hardware.hw"
    LogicalPath="Config2.Hardware.hw"
    Type="File"
    LastWriteTime="133465086324189994"
    Private="false" />
  <Object
    Path="C:\Users\maskeu\Desktop\All\projects\ECamp\CapProcess\Physical\Config2\Hardware.hwl"
    LogicalPath="Config2.Hardware.hwl"
    Type="File"
    LastWriteTime="133464989107282480"
    Private="false" />
  <Object
    Path="C:\Users\maskeu\Desktop\All\projects\ECamp\CapProcess\Physical\Config2\PC\Cpu.pkg"
    LogicalPath="Config2.PC"
    Type="Cpu"
    LastWriteTime="133465956170964201" />
  <Object
    Path="C:\Users\maskeu\Desktop\All\projects\ECamp\CapProcess\Physical\Config2\PC\Cpu.sw"
    LogicalPath="Config2.PC.Cpu.sw"
    Type="File"
    LastWriteTime="133465923794282157"
    Private="false" />
  <Object
    Path="C:\Users\maskeu\Desktop\All\projects\ECamp\CapProcess\Physical\Config2\PC\Cpu.per"
    LogicalPath="Config2.PC.Cpu.per"
    Type="File"
    LastWriteTime="133464989107353003"
    Private="false" />
  <Object
    Path="C:\Users\maskeu\Desktop\All\projects\ECamp\CapProcess\Physical\Config2\PC\IoMap.iom"
    LogicalPath="Config2.PC.IoMap.iom"
    Type="File"
    LastWriteTime="133464989107382482"
    Private="false" />
  <Object
    Path="C:\Users\maskeu\Desktop\All\projects\ECamp\CapProcess\Physical\Config2\PC\PvMap.vvm"
    LogicalPath="Config2.PC.PvMap.vvm"
    Type="File"
    LastWriteTime="133465312186162712"
    Private="false" />
  <Object
    Path="C:\Users\maskeu\Desktop\All\projects\ECamp\CapProcess\Physical\Config2\PC\Connectivity\Package.pkg"
    LogicalPath="Config2.PC.Connectivity"
    Type="Package"
    LastWriteTime="133464989107496786" />
  <Object
    Path="C:\Users\maskeu\Desktop\All\projects\ECamp\CapProcess\Physical\Config2\PC\Connectivity\OpcUA\Package.pkg"
    LogicalPath="Config2.PC.Connectivity.OpcUA"
    Type="Package"
    LastWriteTime="133464989107456793" />
  <Object
    Path="C:\Users\maskeu\Desktop\All\projects\ECamp\CapProcess\Physical\Config2\PC\Connectivity\OpcUaFx\Package.pkg"
    LogicalPath="Config2.PC.Connectivity.OpcUaFx"
    Type="Package"
    LastWriteTime="133464989107486786" />
  <Object
    Path="C:\Users\maskeu\Desktop\All\projects\ECamp\CapProcess\Physical\Config2\PC\TextSystem\Package.pkg"
    LogicalPath="Config2.PC.TextSystem"
    Type="Package"
    LastWriteTime="133464989107551614" />
  <Object
    Path="C:\Users\maskeu\Desktop\All\projects\ECamp\CapProcess\Physical\Config2\PC\TextSystem\TC.textconfig"
    LogicalPath="Config2.PC.TextSystem.TC.textconfig"
    Type="File"
    LastWriteTime="133464989107541626"
    Private="false" />
  <Object
    Path="C:\Users\maskeu\Desktop\All\projects\ECamp\CapProcess\Physical\Config2\PC\UnitSystem\Package.pkg"
    LogicalPath="Config2.PC.UnitSystem"
    Type="Package"
    LastWriteTime="133464989107581607" />
  <Object
    Path="C:\Users\maskeu\Desktop\All\projects\ECamp\CapProcess\Physical\Config2\PC\AccessAndSecurity\Package.pkg"
    LogicalPath="Config2.PC.AccessAndSecurity"
    Type="Package"
    LastWriteTime="133464989108130031" />
  <Object
    Path="C:\Users\maskeu\Desktop\All\projects\ECamp\CapProcess\Physical\Config2\PC\AccessAndSecurity\UserRoleSystem\Package.pkg"
    LogicalPath="Config2.PC.AccessAndSecurity.UserRoleSystem"
    Type="Package"
    LastWriteTime="133464989107681602" />
  <Object
    Path="C:\Users\maskeu\Desktop\All\projects\ECamp\CapProcess\Physical\Config2\PC\AccessAndSecurity\UserRoleSystem\Role.role"
    LogicalPath="Config2.PC.AccessAndSecurity.UserRoleSystem.Role.role"
    Type="File"
    LastWriteTime="133464994261809327"
    Private="false" />
  <Object
    Path="C:\Users\maskeu\Desktop\All\projects\ECamp\CapProcess\Physical\Config2\PC\AccessAndSecurity\UserRoleSystem\User.user"
    LogicalPath="Config2.PC.AccessAndSecurity.UserRoleSystem.User.user"
    Type="File"
    LastWriteTime="133464994494107424"
    Private="false" />
  <Object
    Path="C:\Users\maskeu\Desktop\All\projects\ECamp\CapProcess\Physical\Config2\PC\AccessAndSecurity\CertificateStore\Package.pkg"
    LogicalPath="Config2.PC.AccessAndSecurity.CertificateStore"
    Type="Package"
    LastWriteTime="133464989108020036" />
  <Object
    Path="C:\Users\maskeu\Desktop\All\projects\ECamp\CapProcess\Physical\Config2\PC\AccessAndSecurity\CertificateStore\OwnCertificates\Package.pkg"
    LogicalPath="Config2.PC.AccessAndSecurity.CertificateStore.OwnCertificates"
    Type="Package"
    LastWriteTime="133464989107831604" />
  <Object
    Path="C:\Users\maskeu\Desktop\All\projects\ECamp\CapProcess\Physical\Config2\PC\AccessAndSecurity\CertificateStore\OwnCertificates\Certificates\Package.pkg"
    LogicalPath="Config2.PC.AccessAndSecurity.CertificateStore.OwnCertificates.Certificates"
    Type="Package"
    LastWriteTime="133464989107781606" />
  <Object
    Path="C:\Users\maskeu\Desktop\All\projects\ECamp\CapProcess\Physical\Config2\PC\AccessAndSecurity\CertificateStore\OwnCertificates\PrivateKeys\Package.pkg"
    LogicalPath="Config2.PC.AccessAndSecurity.CertificateStore.OwnCertificates.PrivateKeys"
    Type="Package"
    LastWriteTime="133464989107821603" />
  <Object
    Path="C:\Users\maskeu\Desktop\All\projects\ECamp\CapProcess\Physical\Config2\PC\AccessAndSecurity\CertificateStore\ThirdPartyCertificates\Package.pkg"
    LogicalPath="Config2.PC.AccessAndSecurity.CertificateStore.ThirdPartyCertificates"
    Type="Package"
    LastWriteTime="133464989107921603" />
  <Object
    Path="C:\Users\maskeu\Desktop\All\projects\ECamp\CapProcess\Physical\Config2\PC\AccessAndSecurity\CertificateStore\ThirdPartyCertificates\SoftwareCertificates\Package.pkg"
    LogicalPath="Config2.PC.AccessAndSecurity.CertificateStore.ThirdPartyCertificates.SoftwareCertificates"
    Type="Package"
    LastWriteTime="133464989107911604" />
  <Object
    Path="C:\Users\maskeu\Desktop\All\projects\ECamp\CapProcess\Physical\Config2\PC\AccessAndSecurity\CertificateStore\CertificateRevocationLists\Package.pkg"
    LogicalPath="Config2.PC.AccessAndSecurity.CertificateStore.CertificateRevocationLists"
    Type="Package"
    LastWriteTime="133464989107970326" />
  <Object
    Path="C:\Users\maskeu\Desktop\All\projects\ECamp\CapProcess\Physical\Config2\PC\AccessAndSecurity\CertificateStore\CertificateSigningRequests\Package.pkg"
    LogicalPath="Config2.PC.AccessAndSecurity.CertificateStore.CertificateSigningRequests"
    Type="Package"
    LastWriteTime="133464989108010036" />
  <Object
    Path="C:\Users\maskeu\Desktop\All\projects\ECamp\CapProcess\Physical\Config2\PC\AccessAndSecurity\TransportLayerSecurity\Package.pkg"
    LogicalPath="Config2.PC.AccessAndSecurity.TransportLayerSecurity"
    Type="Package"
    LastWriteTime="133464989108060037" />
  <Object
    Path="C:\Users\maskeu\Desktop\All\projects\ECamp\CapProcess\Physical\Config2\PC\AccessAndSecurity\Firewall\Package.pkg"
    LogicalPath="Config2.PC.AccessAndSecurity.Firewall"
    Type="Package"
    LastWriteTime="133464989108120042" />
  <Object
    Path="C:\Users\maskeu\Desktop\All\projects\ECamp\CapProcess\Physical\Config2\PC\AccessAndSecurity\Firewall\Rules.firewallRules"
    LogicalPath="Config2.PC.AccessAndSecurity.Firewall.Rules.firewallRules"
    Type="File"
    LastWriteTime="133464989108110030"
    Private="false" />
  <Object
    Path="C:\Users\maskeu\Desktop\All\projects\ECamp\CapProcess\Physical\Config2\PC\mappControl\Package.pkg"
    LogicalPath="Config2.PC.mappControl"
    Type="Package"
    LastWriteTime="133464989108170033" />
  <Object
    Path="C:\Users\maskeu\Desktop\All\projects\ECamp\CapProcess\Physical\Config2\PC\mappMotion\Package.pkg"
    LogicalPath="Config2.PC.mappMotion"
    Type="Package"
    LastWriteTime="133464989108200030" />
  <Object
    Path="C:\Users\maskeu\Desktop\All\projects\ECamp\CapProcess\Physical\Config2\PC\mappServices\Package.pkg"
    LogicalPath="Config2.PC.mappServices"
    Type="Package"
    LastWriteTime="133464989108294248" />
  <Object
    Path="C:\Users\maskeu\Desktop\All\projects\ECamp\CapProcess\Physical\Config2\PC\mappServices\Alarms.mpalarmxcore"
    LogicalPath="Config2.PC.mappServices.Alarms.mpalarmxcore"
    Type="File"
    LastWriteTime="133464989108260027"
    Private="false" />
  <Object
    Path="C:\Users\maskeu\Desktop\All\projects\ECamp\CapProcess\Physical\Config2\PC\mappServices\UserMgt.mpuserx"
    LogicalPath="Config2.PC.mappServices.UserMgt.mpuserx"
    Type="File"
    LastWriteTime="133465000950483080"
    Private="false" />
  <Object
    Path="C:\Users\maskeu\Desktop\All\projects\ECamp\CapProcess\Physical\Config2\PC\mappSafety\Package.pkg"
    LogicalPath="Config2.PC.mappSafety"
    Type="Package"
    LastWriteTime="133464989108406217" />
  <Object
    Path="C:\Users\maskeu\Desktop\All\projects\ECamp\CapProcess\Physical\Config2\PC\mappSafety\SafeApplication\Package.pkg"
    LogicalPath="Config2.PC.mappSafety.SafeApplication"
    Type="Package"
    LastWriteTime="133464989108356217" />
  <Object
    Path="C:\Users\maskeu\Desktop\All\projects\ECamp\CapProcess\Physical\Config2\PC\mappSafety\SafeCommissioning\Package.pkg"
    LogicalPath="Config2.PC.mappSafety.SafeCommissioning"
    Type="Package"
    LastWriteTime="133464989108396213" />
  <Object
    Path="C:\Users\maskeu\Desktop\All\projects\ECamp\CapProcess\Physical\Config2\PC\mappView\Package.pkg"
    LogicalPath="Config2.PC.mappView"
    Type="Package"
    LastWriteTime="133465036801876024" />
  <Object
    Path="C:\Users\maskeu\Desktop\All\projects\ECamp\CapProcess\Physical\Config2\PC\mappView\Visualizat.vis"
    LogicalPath="Config2.PC.mappView.Visualizat.vis"
    Type="File"
    LastWriteTime="133465036802286786"
    Private="false" />
  <Object
    Path="C:\Users\maskeu\Desktop\All\projects\ECamp\CapProcess\Physical\Config2\PC\mappView\Config.mappviewcfg"
    LogicalPath="Config2.PC.mappView.Config.mappviewcfg"
    Type="File"
    LastWriteTime="133464993059352205"
    Private="false" />
  <Object
    Path="C:\Users\maskeu\Desktop\All\projects\ECamp\CapProcess\Physical\Config2\PC\mappView\AlarmsContent.binding"
    LogicalPath="Config2.PC.mappView.AlarmsContent.binding"
    Type="File"
    LastWriteTime="133464989108505438"
    Private="false" />
  <Object
    Path="C:\Users\maskeu\Desktop\All\projects\ECamp\CapProcess\Physical\Config2\PC\mappView\UserMgtContent.eventbinding"
    LogicalPath="Config2.PC.mappView.UserMgtContent.eventbinding"
    Type="File"
    LastWriteTime="133464997845216207"
    Private="false" />
  <Object
    Path="C:\Users\maskeu\Desktop\All\projects\ECamp\CapProcess\Physical\Config2\PC\mappView\NavBarContent.eventbinding"
    LogicalPath="Config2.PC.mappView.NavBarContent.eventbinding"
    Type="File"
    LastWriteTime="133465039346629509"
    Private="false" />
  <Object
    Path="C:\Users\maskeu\Desktop\All\projects\ECamp\CapProcess\Physical\Config2\PC\mappVision\Package.pkg"
    LogicalPath="Config2.PC.mappVision"
    Type="Package"
    LastWriteTime="133464989108555436" />
  <Object
    Path="C:\Users\maskeu\Desktop\All\projects\ECamp\CapProcess\Physical\Config2\PC\mappCockpit\Package.pkg"
    LogicalPath="Config2.PC.mappCockpit"
    Type="Package"
    LastWriteTime="133464989108585437" />
  <Object
    Path="C:\Users\maskeu\Desktop\All\projects\ECamp\CapProcess\Physical\Config2\PC\Motion\Package.pkg"
    LogicalPath="Config2.PC.Motion"
    Type="Package"
    LastWriteTime="133464989108755846" />
  <Object
    Path="C:\Users\maskeu\Desktop\All\projects\ECamp\CapProcess\Physical\Config2\PC\Motion\Acp10map.ncm"
    LogicalPath="Config2.PC.Motion.Acp10map.ncm"
    Type="File"
    LastWriteTime="133464989108635437"
    Private="false" />
  <Object
    Path="C:\Users\maskeu\Desktop\All\projects\ECamp\CapProcess\Physical\Config2\PC\Motion\Acp10cfg.ncc"
    LogicalPath="Config2.PC.Motion.Acp10cfg.ncc"
    Type="File"
    LastWriteTime="133464989108655438"
    Private="false" />
  <Object
    Path="C:\Users\maskeu\Desktop\All\projects\ECamp\CapProcess\Physical\Config2\PC\Motion\Acp10sys.br"
    LogicalPath="Config2.PC.Motion.Acp10sys.br"
    Type="File"
    LastWriteTime="133464989108715824"
    Private="false" />
  <Object
    Path="C:\Users\maskeu\Desktop\All\projects\ECamp\CapProcess\Physical\Config2\PC\Motion\Axis01.mpaxisbasic"
    LogicalPath="Config2.PC.Motion.Axis01.mpaxisbasic"
    Type="File"
    LastWriteTime="133464989108745436"
    Private="false" />
  <Object
    Path="C:\Users\maskeu\Desktop\All\projects\ECamp\CapProcess\Physical\Config2\Hardware.jpg"
    LogicalPath="Config2.Hardware.jpg"
    Type="File"
    LastWriteTime="133464989108795433"
    Private="false" />
</Objects>